<?xml version="1.0" encoding="UTF-8"?>
<!-- Generated by org.testng.reporters.JUnitReportReporter -->
<testsuite skipped="0" hostname="Dell" name="student.Maven.TestScript" tests="1" failures="0" timestamp="17 Aug 2018 13:35:47 GMT" time="26.537" errors="0">
  <testcase name="checkGoogle" time="26.537" classname="student.Maven.TestScript"/>
</testsuite> <!-- student.Maven.TestScript -->
